\BOOKMARK [0][-]{chapter*.1}{Contents}{}% 1
\BOOKMARK [0][-]{chapter.1}{Welcome!}{}% 2
\BOOKMARK [0][-]{chapter.2}{Introduction}{}% 3
\BOOKMARK [0][-]{chapter.3}{Conjugation}{}% 4
\BOOKMARK [1][-]{section.3.1}{Present Subjunctive}{chapter.3}% 5
\BOOKMARK [1][-]{section.3.2}{Subjunctive Imperfect}{chapter.3}% 6
\BOOKMARK [2][-]{subsection.3.2.1}{Type 1 \(-ra\) Endings}{section.3.2}% 7
\BOOKMARK [2][-]{subsection.3.2.2}{Type 2 \(-se\) Endings}{section.3.2}% 8
\BOOKMARK [1][-]{section.3.3}{The Perfect Tenses}{chapter.3}% 9
\BOOKMARK [1][-]{section.3.4}{The Subjunctive Future \(Optional\)}{chapter.3}% 10
\BOOKMARK [0][-]{chapter.4}{Conjugation Practice}{}% 11
\BOOKMARK [0][-]{chapter.5}{WEIRDO Clauses}{}% 12
\BOOKMARK [1][-]{section.5.1}{W: Wishes}{chapter.5}% 13
\BOOKMARK [2][-]{subsection.5.1.1}{Wishes with que}{section.5.1}% 14
\BOOKMARK [1][-]{section.5.2}{E: Emotional Expressions}{chapter.5}% 15
\BOOKMARK [1][-]{section.5.3}{I: Impersonal Expressions}{chapter.5}% 16
\BOOKMARK [1][-]{section.5.4}{R: Recommendations}{chapter.5}% 17
\BOOKMARK [1][-]{section.5.5}{D: Doubt \046 Denial}{chapter.5}% 18
\BOOKMARK [2][-]{subsection.5.5.1}{Doubt}{section.5.5}% 19
\BOOKMARK [2][-]{subsection.5.5.2}{Denial \(subset of doubt\)}{section.5.5}% 20
\BOOKMARK [2][-]{subsection.5.5.3}{Confusion :/}{section.5.5}% 21
\BOOKMARK [1][-]{section.5.6}{O: Ojal\341}{chapter.5}% 22
\BOOKMARK [0][-]{chapter.6}{Practice with WEIRDO Clauses}{}% 23
\BOOKMARK [0][-]{chapter.7}{Other Phrases}{}% 24
\BOOKMARK [1][-]{section.7.1}{Si-Clauses}{chapter.7}% 25
\BOOKMARK [1][-]{section.7.2}{What if?}{chapter.7}% 26
\BOOKMARK [1][-]{section.7.3}{Maybe}{chapter.7}% 27
\BOOKMARK [1][-]{section.7.4}{Other expressions}{chapter.7}% 28
\BOOKMARK [1][-]{section.7.5}{Time Expressions}{chapter.7}% 29
\BOOKMARK [1][-]{section.7.6}{Usage with other relative pronouns}{chapter.7}% 30
\BOOKMARK [1][-]{section.7.7}{Who/What/Which/When/Where/How + ever}{chapter.7}% 31
\BOOKMARK [2][-]{subsection.7.7.1}{Whatever}{section.7.7}% 32
\BOOKMARK [2][-]{subsection.7.7.2}{Whichever}{section.7.7}% 33
\BOOKMARK [2][-]{subsection.7.7.3}{Wherever}{section.7.7}% 34
\BOOKMARK [2][-]{subsection.7.7.4}{Whenever}{section.7.7}% 35
\BOOKMARK [2][-]{subsection.7.7.5}{Whoever}{section.7.7}% 36
\BOOKMARK [2][-]{subsection.7.7.6}{However}{section.7.7}% 37
\BOOKMARK [1][-]{section.7.8}{Even if/though}{chapter.7}% 38
\BOOKMARK [1][-]{section.7.9}{In case ...}{chapter.7}% 39
\BOOKMARK [0][-]{chapter.8}{Always, Sometimes, Never}{}% 40
\BOOKMARK [0][-]{chapter.9}{Additional Practice}{}% 41
\BOOKMARK [0][-]{chapter.10}{Answers}{}% 42
\BOOKMARK [1][-]{section.10.1}{Answers to Conjugation Practice}{chapter.10}% 43
\BOOKMARK [2][-]{subsection.10.1.1}{Present Subjunctive}{section.10.1}% 44
\BOOKMARK [2][-]{subsection.10.1.2}{Subjunctive Imperfect}{section.10.1}% 45
\BOOKMARK [1][-]{section.10.2}{Answers to Practice \0431}{chapter.10}% 46
\BOOKMARK [1][-]{section.10.3}{Answers to Practice \0432}{chapter.10}% 47
\BOOKMARK [0][-]{chapter.11}{Appendix}{}% 48
\BOOKMARK [1][-]{section.11.1}{List of Tenses and Moods}{chapter.11}% 49
\BOOKMARK [1][-]{section.11.2}{Pronunciation and Spelling Rules}{chapter.11}% 50
\BOOKMARK [2][-]{subsection.11.2.1}{C,G, and Z}{section.11.2}% 51
\BOOKMARK [2][-]{subsection.11.2.2}{Accent Rules}{section.11.2}% 52
\BOOKMARK [1][-]{section.11.3}{Apocapation}{chapter.11}% 53
\BOOKMARK [2][-]{subsection.11.3.1}{Masculine Singular Apocopes}{section.11.3}% 54
\BOOKMARK [2][-]{subsection.11.3.2}{Grande}{section.11.3}% 55
\BOOKMARK [2][-]{subsection.11.3.3}{Santo}{section.11.3}% 56
\BOOKMARK [2][-]{subsection.11.3.4}{Ciento}{section.11.3}% 57
\BOOKMARK [2][-]{subsection.11.3.5}{Cualquiera}{section.11.3}% 58
\BOOKMARK [2][-]{subsection.11.3.6}{Tanto}{section.11.3}% 59
\BOOKMARK [0][-]{chapter*.4}{List of Tables}{}% 60
